#
# There is insufficient memory for the Java Runtime Environment to continue.
# Native memory allocation (mmap) failed to map 65011712 bytes for Failed to commit area from 0x00000000c2000000 to 0x00000000c5e00000 of length 65011712.
# Possible reasons:
#   The system is out of physical RAM or swap space
#   The process is running with CompressedOops enabled, and the Java Heap may be blocking the growth of the native heap
# Possible solutions:
#   Reduce memory load on the system
#   Increase physical memory or swap space
#   Check if swap backing store is full
#   Decrease Java heap size (-Xmx/-Xms)
#   Decrease number of Java threads
#   Decrease Java thread stack sizes (-Xss)
#   Set larger code cache with -XX:ReservedCodeCacheSize=
# This output file may be truncated or incomplete.
#
#  Out of Memory Error (c:/BuildAgent/work/5ff2f6c26000d570/src/hotspot/os/windows/os_windows.cpp:3272), pid=3860, tid=3232
#
# JRE version:  (11.0.3+12) (build )
# Java VM: OpenJDK 64-Bit Server VM (11.0.3+12-b304.56, mixed mode, aot, sharing, tiered, compressed oops, g1 gc, windows-amd64)
# No core dump will be written. Minidumps are not enabled by default on client versions of Windows
#

---------------  S U M M A R Y ------------

Command Line: -javaagent:C:\Program Files\JetBrains\IntelliJ IDEA 2019.2.2\lib\idea_rt.jar=50507:C:\Program Files\JetBrains\IntelliJ IDEA 2019.2.2\bin -Dfile.encoding=UTF-8 SumTwoArray

Host: Intel(R) Core(TM) i7-7500U CPU @ 2.70GHz, 4 cores, 3G,  Windows 10 , 64 bit Build 18362 (10.0.18362.329)
Time: Mon Sep 30 11:20:03 2019 SE Asia Standard Time elapsed time: 0 seconds (0d 0h 0m 0s)

---------------  T H R E A D  ---------------

Current thread (0x000001f77c1f6800):  JavaThread "Unknown thread" [_thread_in_vm, id=3232, stack(0x000000d8e6100000,0x000000d8e6200000)]

Stack: [0x000000d8e6100000,0x000000d8e6200000]
Native frames: (J=compiled Java code, j=interpreted, Vv=VM code, C=native code)
V  [jvm.dll+0x5da77a]
V  [jvm.dll+0x70b9c9]
V  [jvm.dll+0x70cee8]
V  [jvm.dll+0x70d5b3]
V  [jvm.dll+0x23ddc8]
V  [jvm.dll+0x5d7ef4]
V  [jvm.dll+0x5ccfc5]
V  [jvm.dll+0x2fa44b]
V  [jvm.dll+0x2fa3ba]
V  [jvm.dll+0x2fa292]
V  [jvm.dll+0x2ff156]
V  [jvm.dll+0x3474c3]
V  [jvm.dll+0x347bc6]
V  [jvm.dll+0x3475c3]
V  [jvm.dll+0x2d4f68]
V  [jvm.dll+0x2d6107]
V  [jvm.dll+0x6eabf7]
V  [jvm.dll+0x6ec38c]
V  [jvm.dll+0x354c29]
V  [jvm.dll+0x6d28ae]
V  [jvm.dll+0x3bd363]
V  [jvm.dll+0x3bf7a1]
C  [java.exe+0x3763]
C  [java.exe+0x17a0c]
C  [KERNEL32.DLL+0x17bd4]
C  [ntdll.dll+0x6cee1]


---------------  P R O C E S S  ---------------

Threads class SMR info:
_java_thread_list=0x000001f77a081a90, length=0, elements={
}

Java Threads: ( => current thread )

Other Threads:
  0x000001f77c210000 GCTaskThread "GC Thread#0" [stack: 0x000000d8e6200000,0x000000d8e6300000] [id=2428]
  0x000001f77c22a000 ConcurrentGCThread "G1 Main Marker" [stack: 0x000000d8e6300000,0x000000d8e6400000] [id=2424]
  0x000001f77c22b000 ConcurrentGCThread "G1 Conc#0" [stack: 0x000000d8e6400000,0x000000d8e6500000] [id=2820]

[error occurred during error reporting (printing all threads), id 0xc0000005, EXCEPTION_ACCESS_VIOLATION (0xc0000005) at pc=0x00007ffb1f5e5507]

VM state:not at safepoint (not fully initialized)

VM Mutex/Monitor currently owned by a thread:  ([mutex/lock_event])
[0x000001f77c1f40b0] Heap_lock - owner thread: 0x000001f77c1f6800

Heap address: 0x00000000c2000000, size: 992 MB, Compressed Oops mode: Non-zero based: 0x00000000c2000000
Narrow klass base: 0x0000000000000000, Narrow klass shift: 0

GC Heap History (0 events):
No events

Deoptimization events (0 events):
No events

Classes redefined (0 events):
No events

Internal exceptions (0 events):
No events

Events (0 events):
No events


Dynamic libraries:
0x00007ff716030000 - 0x00007ff716077000 	C:\Program Files\JetBrains\IntelliJ IDEA 2019.2.2\jbr\bin\java.exe
0x00007ffb4ff40000 - 0x00007ffb50130000 	C:\WINDOWS\SYSTEM32\ntdll.dll
0x00007ffb4f740000 - 0x00007ffb4f7f2000 	C:\WINDOWS\System32\KERNEL32.DLL
0x00007ffb4d120000 - 0x00007ffb4d3c3000 	C:\WINDOWS\System32\KERNELBASE.dll
0x00007ffb4dff0000 - 0x00007ffb4e183000 	C:\WINDOWS\System32\USER32.dll
0x00007ffb4d4f0000 - 0x00007ffb4d511000 	C:\WINDOWS\System32\win32u.dll
0x00007ffb4f890000 - 0x00007ffb4f8b6000 	C:\WINDOWS\System32\GDI32.dll
0x00007ffb4dd00000 - 0x00007ffb4de94000 	C:\WINDOWS\System32\gdi32full.dll
0x00007ffb4d450000 - 0x00007ffb4d4ee000 	C:\WINDOWS\System32\msvcp_win.dll
0x00007ffb4ced0000 - 0x00007ffb4cfca000 	C:\WINDOWS\System32\ucrtbase.dll
0x00007ffb3cfd0000 - 0x00007ffb3d255000 	C:\WINDOWS\WinSxS\amd64_microsoft.windows.common-controls_6595b64144ccf1df_6.0.18362.356_none_e6c4af7d130f27cc\COMCTL32.dll
0x00007ffb4f390000 - 0x00007ffb4f42e000 	C:\WINDOWS\System32\msvcrt.dll
0x00007ffb4f8c0000 - 0x00007ffb4fbf6000 	C:\WINDOWS\System32\combase.dll
0x00007ffb4e240000 - 0x00007ffb4e360000 	C:\WINDOWS\System32\RPCRT4.dll
0x00007ffb4d3d0000 - 0x00007ffb4d450000 	C:\WINDOWS\System32\bcryptPrimitives.dll
0x00007ffb4f560000 - 0x00007ffb4f58e000 	C:\WINDOWS\System32\IMM32.DLL
0x00007ffb469f0000 - 0x00007ffb46a07000 	C:\Program Files\JetBrains\IntelliJ IDEA 2019.2.2\jbr\bin\vcruntime140.dll
0x00007ffb3f9b0000 - 0x00007ffb3fa4d000 	C:\Program Files\JetBrains\IntelliJ IDEA 2019.2.2\jbr\bin\msvcp140.dll
0x00007ffb1f300000 - 0x00007ffb1fdb7000 	C:\Program Files\JetBrains\IntelliJ IDEA 2019.2.2\jbr\bin\server\jvm.dll
0x00007ffb4ebf0000 - 0x00007ffb4ec93000 	C:\WINDOWS\System32\ADVAPI32.dll
0x00007ffb4e530000 - 0x00007ffb4e5c7000 	C:\WINDOWS\System32\sechost.dll
0x00007ffb4e3e0000 - 0x00007ffb4e3e8000 	C:\WINDOWS\System32\PSAPI.DLL
0x00007ffb48780000 - 0x00007ffb48789000 	C:\WINDOWS\SYSTEM32\WSOCK32.dll
0x00007ffb4eb00000 - 0x00007ffb4eb6f000 	C:\WINDOWS\System32\WS2_32.dll
0x00007ffb49d40000 - 0x00007ffb49d64000 	C:\WINDOWS\SYSTEM32\WINMM.dll
0x00007ffb40cd0000 - 0x00007ffb40cda000 	C:\WINDOWS\SYSTEM32\VERSION.dll
0x00007ffb49d10000 - 0x00007ffb49d3d000 	C:\WINDOWS\SYSTEM32\WINMMBASE.dll
0x00007ffb4d0a0000 - 0x00007ffb4d0ea000 	C:\WINDOWS\System32\cfgmgr32.dll
0x00007ffb4ce70000 - 0x00007ffb4ce81000 	C:\WINDOWS\System32\kernel.appcore.dll
0x00007ffb46930000 - 0x00007ffb46941000 	C:\Program Files\JetBrains\IntelliJ IDEA 2019.2.2\jbr\bin\verify.dll
0x00007ffb4b750000 - 0x00007ffb4b944000 	C:\WINDOWS\SYSTEM32\DBGHELP.DLL
0x00007ffb39040000 - 0x00007ffb3906a000 	C:\WINDOWS\SYSTEM32\dbgcore.DLL
0x00007ffb42f70000 - 0x00007ffb42f99000 	C:\Program Files\JetBrains\IntelliJ IDEA 2019.2.2\jbr\bin\java.dll
0x00007ffb3f7f0000 - 0x00007ffb3f824000 	C:\Program Files\JetBrains\IntelliJ IDEA 2019.2.2\jbr\bin\instrument.dll
0x00007ffb46910000 - 0x00007ffb46927000 	C:\Program Files\JetBrains\IntelliJ IDEA 2019.2.2\jbr\bin\zip.dll
0x00007ffb486e0000 - 0x00007ffb486eb000 	C:\Program Files\JetBrains\IntelliJ IDEA 2019.2.2\jbr\bin\jimage.dll

dbghelp: loaded successfully - version: 4.0.5 - missing functions: none
symbol engine: initialized successfully - sym options: 0x614 - pdb path: .;C:\Program Files\JetBrains\IntelliJ IDEA 2019.2.2\jbr\bin;C:\WINDOWS\SYSTEM32;C:\WINDOWS\WinSxS\amd64_microsoft.windows.common-controls_6595b64144ccf1df_6.0.18362.356_none_e6c4af7d130f27cc;C:\Program Files\JetBrains\IntelliJ IDEA 2019.2.2\jbr\bin\server

VM Arguments:
jvm_args: -javaagent:C:\Program Files\JetBrains\IntelliJ IDEA 2019.2.2\lib\idea_rt.jar=50507:C:\Program Files\JetBrains\IntelliJ IDEA 2019.2.2\bin -Dfile.encoding=UTF-8 
java_command: SumTwoArray
java_class_path (initial): H:\modun2\Java\ss3 Mang phuong thuc\Java_SumTwoArray\out\production\Java_SumTwoArray
Launcher Type: SUN_STANDARD

[Global flags]
     intx CICompilerCount                          = 3                                         {product} {ergonomic}
     uint ConcGCThreads                            = 1                                         {product} {ergonomic}
     uint G1ConcRefinementThreads                  = 4                                         {product} {ergonomic}
   size_t G1HeapRegionSize                         = 1048576                                   {product} {ergonomic}
    uintx GCDrainStackTargetSize                   = 64                                        {product} {ergonomic}
   size_t InitialHeapSize                          = 65011712                                  {product} {ergonomic}
   size_t MarkStackSize                            = 4194304                                   {product} {ergonomic}
   size_t MaxHeapSize                              = 1040187392                                {product} {ergonomic}
   size_t MinHeapDeltaBytes                        = 1048576                                   {product} {ergonomic}
    uintx NonNMethodCodeHeapSize                   = 5830092                                {pd product} {ergonomic}
    uintx NonProfiledCodeHeapSize                  = 122914074                              {pd product} {ergonomic}
    uintx ProfiledCodeHeapSize                     = 122914074                              {pd product} {ergonomic}
    uintx ReservedCodeCacheSize                    = 251658240                              {pd product} {ergonomic}
     bool SegmentedCodeCache                       = true                                      {product} {ergonomic}
     bool UseCompressedClassPointers               = true                                 {lp64_product} {ergonomic}
     bool UseCompressedOops                        = true                                 {lp64_product} {ergonomic}
     bool UseG1GC                                  = true                                      {product} {ergonomic}
     bool UseLargePagesIndividualAllocation        = false                                  {pd product} {ergonomic}

Logging:
Log output configuration:
 #0: stdout all=warning uptime,level,tags
 #1: stderr all=off uptime,level,tags

Environment Variables:
PATH=C:\Program Files (x86)\Common Files\Oracle\Java\javapath;C:\WINDOWS\system32;C:\WINDOWS;C:\WINDOWS\System32\Wbem;C:\WINDOWS\System32\WindowsPowerShell\v1.0\;C:\WINDOWS\System32\OpenSSH\;C:\Program Files\Git\cmd;C:\Users\ADMINIS\AppData\Local\Microsoft\WindowsApps;C:\Users\ADMINIS\AppData\Local\GitHubDesktop\bin;%USERPROFILE%\AppData\Local\Microsoft\WindowsApps;
USERNAME=ADMINIS
OS=Windows_NT
PROCESSOR_IDENTIFIER=Intel64 Family 6 Model 142 Stepping 9, GenuineIntel



---------------  S Y S T E M  ---------------

OS: Windows 10 , 64 bit Build 18362 (10.0.18362.329)

CPU:total 4 (initial active 4) (2 cores per cpu, 2 threads per core) family 6 model 142 stepping 9, cmov, cx8, fxsr, mmx, sse, sse2, sse3, ssse3, sse4.1, sse4.2, popcnt, avx, avx2, aes, clmul, erms, 3dnowpref, lzcnt, ht, tsc, tscinvbit, bmi1, bmi2, adx, fma

Memory: 4k page, system-wide physical 3962M (454M free)
TotalPageFile size 3962M (AvailPageFile size 56M)
current process WorkingSet (physical memory assigned to process): 9M, peak: 9M
current process commit charge ("private bytes"): 51M, peak: 113M

vm_info: OpenJDK 64-Bit Server VM (11.0.3+12-b304.56) for windows-amd64 JRE (11.0.3+12-b304.56), built on Sep  3 2019 10:54:25 by "" with MS VC++ 14.0 (VS2015)

END.
